echo Hello World: Hello World

ls: Cron.class
Cron.java
Job.class
Job.java
Logger.class
Logger.java
Scheduler$1.class
Scheduler.class
Scheduler.java
UI.class
UI.java
cron.log

ls: Cron.class
Cron.java
Job.class
Job.java
Logger.class
Logger.java
Scheduler$1.class
Scheduler.class
Scheduler.java
UI.class
UI.java
cron.log

echo Hello World: Hello World

ls: Cron.class
Cron.java
Job.class
Job.java
Logger.class
Logger.java
Scheduler$1.class
Scheduler.class
Scheduler.java
UI.class
UI.java
cron.log

ls: Cron.class
Cron.java
Job.class
Job.java
Logger.class
Logger.java
Scheduler$1.class
Scheduler.class
Scheduler.java
UI.class
UI.java
cron.log

ls: Cron.class
Cron.java
Job.class
Job.java
Logger.class
Logger.java
Scheduler$1.class
Scheduler.class
Scheduler.java
UI.class
UI.java
cron.log

echo Hello World: Hello World

ls: Cron.class
Cron.java
Job.class
Job.java
Logger.class
Logger.java
Scheduler$1.class
Scheduler.class
Scheduler.java
UI.class
UI.java
cron.log

ls: Cron.class
Cron.java
Job.class
Job.java
Logger.class
Logger.java
Scheduler$1.class
Scheduler.class
Scheduler.java
UI.class
UI.java
cron.log

